{"name":"Initialisation","id":"projectApp.tests.noteTests.AddNoteTest:Initialisation","testCaseName":"projectApp.tests.noteTests.AddNoteTest","userStory":{"id":"projectApp.tests.noteTests.AddNoteTest","storyName":"Add note test","storyClassName":"projectApp.tests.noteTests.AddNoteTest","path":"projectApp.tests.noteTests","type":"story"},"featureTag":{"name":"Note tests/Add note test","type":"story"},"title":"Initialisation","tags":[{"name":"Note tests/Add note test","type":"story"}],"startTime":"2018-08-10T14:01:06.431+03:00[Europe/Moscow]","duration":0,"testFailureCause":{"errorType":"net.thucydides.core.pages.WrongPageError","message":"The page object class projectApp.pages.general.GeneralPage looks dodgy:\nFailed to instantiate page (net.thucydides.core.webdriver.UnsupportedDriverException: Could not instantiate class org.openqa.selenium.firefox.FirefoxDriver)","stackTrace":[]},"testFailureClassname":"net.thucydides.core.pages.WrongPageError","testFailureMessage":"The page object class projectApp.pages.general.GeneralPage looks dodgy:\nFailed to instantiate page (net.thucydides.core.webdriver.UnsupportedDriverException: Could not instantiate class org.openqa.selenium.firefox.FirefoxDriver)","testFailureSummary":"FAILURE;net.thucydides.core.pages.WrongPageError;The page object class projectApp.pages.general.GeneralPage looks dodgy:\nFailed to instantiate page (net.thucydides.core.webdriver.UnsupportedDriverException: Could not instantiate class org.openqa.selenium.firefox.FirefoxDriver);","projectKey":"","annotatedResult":"FAILURE","manual":false,"testSource":"JUnit","result":"FAILURE"}