<?xml version="1.0" encoding="UTF-8"?><testsuite errors="0" failures="1" name="projectApp.tests.noteTests.AddNoteTest" skipped="0" tests="1" time="0.0" timestamp="2018-08-10T14:01:06.431+03:00[Europe/Moscow]"><testcase classname="projectApp.tests.noteTests.AddNoteTest" name="Initialisation"><failure message="The page object class projectApp.pages.general.GeneralPage looks dodgy:&#10;Failed to instantiate page (net.thucydides.core.webdriver.UnsupportedDriverException: Could not instantiate class org.openqa.selenium.firefox.FirefoxDriver)" type="net.thucydides.core.pages.WrongPageError">The page object class projectApp.pages.general.GeneralPage looks dodgy:
Failed to instantiate page (net.thucydides.core.webdriver.UnsupportedDriverException: Could not instantiate class org.openqa.selenium.firefox.FirefoxDriver)</failure><system-err>The page object class projectApp.pages.general.GeneralPage looks dodgy:
Failed to instantiate page (net.thucydides.core.webdriver.UnsupportedDriverException: Could not instantiate class org.openqa.selenium.firefox.FirefoxDriver)&#13;
</system-err></testcase></testsuite>